<?xml version="1.0" encoding="UTF-8"?>
<!-- Generated by org.testng.reporters.JUnitReportReporter -->
<testsuite hostname="DESKTOP-T2F204L" failures="0" tests="5" name="runner.TestRunner" time="5.929" errors="0" timestamp="2021-12-23T19:26:02 IST" skipped="0">
  <testcase classname="runner.TestRunner" name="runScenario" time="0.314"/>
  <system-out/>
  <testcase classname="runner.TestRunner" name="runScenario" time="0.724"/>
  <system-out/>
  <testcase classname="runner.TestRunner" name="runScenario" time="4.402"/>
  <system-out/>
  <testcase classname="runner.TestRunner" name="runScenario" time="0.231"/>
  <system-out/>
  <testcase classname="runner.TestRunner" name="runScenario" time="0.258"/>
  <system-out/>
</testsuite> <!-- runner.TestRunner -->
