<?xml version="1.0" encoding="UTF-8"?>
<!-- Generated by org.testng.reporters.JUnitReportReporter -->
<testsuite hostname="DESKTOP-T2F204L" failures="0" tests="5" name="runner.TestRunner" time="3.628" errors="0" timestamp="2021-12-24T18:38:28 IST" skipped="0">
  <testcase classname="runner.TestRunner" name="runScenario" time="0.279"/>
  <system-out/>
  <testcase classname="runner.TestRunner" name="runScenario" time="0.158"/>
  <system-out/>
  <testcase classname="runner.TestRunner" name="runScenario" time="0.453"/>
  <system-out/>
  <testcase classname="runner.TestRunner" name="runScenario" time="2.546"/>
  <system-out/>
  <testcase classname="runner.TestRunner" name="runScenario" time="0.192"/>
  <system-out/>
</testsuite> <!-- runner.TestRunner -->
